2019-09-06 15:15:10,938 - __main__ - INFO - Successfully connected to mySQL database: {db}
2019-09-06 15:17:40,466 - __main__ - INFO - Successfully connected to mySQL database: test_schema
2019-09-06 15:32:55,689 - models - INFO - Successfully connected to mySQL database: test_schema
2019-09-06 15:33:11,594 - __main__ - INFO - Facebook authentication was a success
2019-09-06 15:35:31,888 - models - INFO - Successfully connected to mySQL database: test_schema
2019-09-06 16:18:23,286 - __main__ - INFO - Successfully connected to mySQL database: test_schema
2019-09-07 11:02:03,886 - models - INFO - Successfully connected to mySQL database: test_schema
2019-09-07 11:05:17,663 - models - INFO - Successfully connected to mySQL database: test_schema
2019-09-07 11:25:59,030 - models - INFO - Successfully connected to mySQL database: test_schema
2019-09-07 11:26:51,055 - models - INFO - Successfully connected to mySQL database: test_schema
2019-09-07 11:31:12,227 - models - INFO - Successfully connected to mySQL database: test_schema
2019-09-07 11:31:46,096 - models - INFO - Successfully connected to mySQL database: test_schema
2019-09-07 11:34:07,555 - models - INFO - Successfully connected to mySQL database: test_schema
2019-09-07 11:34:09,267 - __main__ - INFO - Facebook authentication was a success
2019-09-07 11:34:43,969 - models - INFO - Successfully connected to mySQL database: test_schema
2019-09-07 11:34:46,007 - __main__ - INFO - Facebook authentication was a success
2019-09-07 11:35:40,211 - models - INFO - Successfully connected to mySQL database: test_schema
2019-09-07 11:35:42,282 - __main__ - INFO - Facebook authentication was a success
2019-09-07 12:11:57,473 - __main__ - INFO - Facebook authentication was a success
2019-09-07 12:11:57,473 - root - ERROR - Failed to connect to MySQL
Traceback (most recent call last):
  File "optimized.py", line 54, in <module>
    engine = mySQL_connect(credentials_path, port='3306', db='test_schema')
NameError: name 'credentials_path' is not defined
2019-09-07 12:12:53,672 - __main__ - INFO - Facebook authentication was a success
2019-09-07 12:12:53,672 - root - ERROR - Failed to connect to MySQL
Traceback (most recent call last):
  File "optimized.py", line 54, in <module>
    engine = mySQL_connect(credentials, port='3306', db='test_schema')
NameError: name 'credentials' is not defined
2019-09-07 12:13:27,555 - __main__ - INFO - Facebook authentication was a success
2019-09-07 12:13:27,557 - __main__ - INFO - MySQL connection was a success
2019-09-07 12:16:37,399 - __main__ - INFO - Facebook authentication was a success
2019-09-07 12:16:37,401 - __main__ - INFO - MySQL connection was a success
2019-09-07 12:59:04,580 - __main__ - INFO - Facebook authentication was a success
2019-09-07 12:59:04,582 - __main__ - INFO - MySQL connection was a success
2019-09-07 13:00:22,092 - __main__ - INFO - Facebook authentication was a success
2019-09-07 13:00:22,094 - __main__ - INFO - MySQL connection was a success
2019-09-07 17:43:34,353 - __main__ - INFO - Facebook authentication was a success
2019-09-07 17:43:34,355 - __main__ - INFO - MySQL connection was a success
2019-09-07 17:45:51,938 - __main__ - INFO - Facebook authentication was a success
2019-09-07 17:45:51,940 - __main__ - INFO - MySQL connection was a success
2019-09-07 17:47:23,247 - __main__ - INFO - Facebook authentication was a success
2019-09-07 17:47:23,248 - __main__ - INFO - MySQL connection was a success
2019-09-07 17:47:53,411 - __main__ - INFO - Facebook authentication was a success
2019-09-07 17:47:53,413 - __main__ - INFO - MySQL connection was a success
2019-09-07 17:48:47,881 - __main__ - INFO - Facebook authentication was a success
2019-09-07 17:48:47,883 - __main__ - INFO - MySQL connection was a success
2019-09-07 18:09:37,413 - __main__ - INFO - Facebook authentication was a success
2019-09-07 18:09:37,415 - __main__ - INFO - MySQL connection was a success
2019-09-07 18:13:27,292 - __main__ - INFO - Facebook authentication was a success
2019-09-07 18:13:27,294 - __main__ - INFO - MySQL connection was a success
2019-09-07 18:21:59,883 - __main__ - INFO - Facebook authentication was a success
2019-09-07 18:21:59,885 - __main__ - INFO - MySQL connection was a success
2019-09-07 18:23:17,840 - __main__ - INFO - Facebook authentication was a success
2019-09-07 18:23:17,844 - __main__ - INFO - MySQL connection was a success
2019-09-07 18:31:17,033 - __main__ - INFO - Facebook authentication was a success
2019-09-07 18:31:17,034 - __main__ - INFO - MySQL connection was a success
2019-09-07 18:34:25,371 - __main__ - INFO - Facebook authentication was a success
2019-09-07 18:34:25,373 - __main__ - INFO - MySQL connection was a success
2019-09-07 18:35:33,230 - __main__ - INFO - Facebook authentication was a success
2019-09-07 18:35:33,232 - __main__ - INFO - MySQL connection was a success
2019-09-07 18:36:37,641 - __main__ - INFO - Facebook authentication was a success
2019-09-07 18:36:37,645 - __main__ - INFO - MySQL connection was a success
2019-09-07 18:37:08,014 - __main__ - INFO - Facebook authentication was a success
2019-09-07 18:37:08,016 - __main__ - INFO - MySQL connection was a success
2019-09-07 18:40:53,330 - __main__ - INFO - Facebook authentication was a success
2019-09-07 18:40:53,332 - __main__ - INFO - MySQL connection was a success
2019-09-07 18:44:56,757 - __main__ - INFO - Facebook authentication was a success
2019-09-07 18:44:56,759 - __main__ - INFO - MySQL connection was a success
2019-09-07 18:45:49,721 - __main__ - INFO - Facebook authentication was a success
2019-09-07 18:45:49,724 - __main__ - INFO - MySQL connection was a success
2019-09-07 18:50:39,983 - __main__ - INFO - Facebook authentication was a success
2019-09-07 18:50:39,984 - __main__ - INFO - MySQL connection was a success
2019-09-07 18:54:22,304 - __main__ - INFO - Facebook authentication was a success
2019-09-07 18:54:22,306 - __main__ - INFO - MySQL connection was a success
2019-09-07 18:56:03,243 - __main__ - INFO - Facebook authentication was a success
2019-09-07 18:56:03,246 - __main__ - INFO - MySQL connection was a success
2019-09-07 18:58:03,205 - __main__ - INFO - Facebook authentication was a success
2019-09-07 18:58:03,209 - __main__ - INFO - MySQL connection was a success
2019-09-07 19:00:59,911 - __main__ - INFO - Facebook authentication was a success
2019-09-07 19:00:59,912 - __main__ - INFO - MySQL connection was a success
2019-09-07 19:02:40,853 - __main__ - INFO - Facebook authentication was a success
2019-09-07 19:02:40,856 - __main__ - INFO - MySQL connection was a success
2019-09-07 19:07:10,502 - __main__ - INFO - Facebook authentication was a success
2019-09-07 19:07:10,504 - __main__ - INFO - MySQL connection was a success
2019-09-07 19:20:58,420 - __main__ - INFO - Facebook authentication was a success
2019-09-07 19:20:58,424 - __main__ - INFO - MySQL connection was a success
2019-09-07 19:21:43,061 - __main__ - INFO - Facebook authentication was a success
2019-09-07 19:21:43,063 - __main__ - INFO - MySQL connection was a success
2019-09-07 19:22:40,926 - __main__ - INFO - Facebook authentication was a success
2019-09-07 19:22:40,928 - __main__ - INFO - MySQL connection was a success
2019-09-07 19:23:32,565 - __main__ - INFO - Facebook authentication was a success
2019-09-07 19:23:32,567 - __main__ - INFO - MySQL connection was a success
2019-09-07 19:25:01,721 - __main__ - INFO - Facebook authentication was a success
2019-09-07 19:25:01,722 - __main__ - INFO - MySQL connection was a success
2019-09-07 19:27:54,520 - __main__ - INFO - Facebook authentication was a success
2019-09-07 19:27:54,522 - __main__ - INFO - MySQL connection was a success
2019-09-07 19:28:17,095 - __main__ - INFO - Facebook authentication was a success
2019-09-07 19:28:17,096 - __main__ - INFO - MySQL connection was a success
2019-09-07 23:40:36,577 - __main__ - INFO - Facebook authentication was a success
2019-09-07 23:40:36,581 - __main__ - INFO - MySQL connection was a success
2019-09-08 00:18:34,889 - __main__ - INFO - Facebook authentication was a success
2019-09-08 00:18:34,891 - __main__ - INFO - MySQL connection was a success
2019-09-08 00:19:20,082 - __main__ - INFO - Facebook authentication was a success
2019-09-08 00:19:20,084 - __main__ - INFO - MySQL connection was a success
2019-09-08 00:20:16,969 - __main__ - INFO - Facebook authentication was a success
2019-09-08 00:20:16,971 - __main__ - INFO - MySQL connection was a success
2019-09-08 00:34:37,545 - __main__ - INFO - Facebook authentication was a success
2019-09-08 00:34:37,545 - __main__ - INFO - MySQL connection was a success
2019-09-08 00:37:19,395 - __main__ - INFO - Facebook authentication was a success
2019-09-08 00:37:19,398 - __main__ - INFO - MySQL connection was a success
2019-09-08 00:38:37,111 - __main__ - INFO - Facebook authentication was a success
2019-09-08 00:38:37,113 - __main__ - INFO - MySQL connection was a success
2019-09-08 00:39:37,479 - __main__ - INFO - Facebook authentication was a success
2019-09-08 00:39:37,480 - __main__ - INFO - MySQL connection was a success
2019-09-08 00:39:59,058 - __main__ - INFO - Facebook authentication was a success
2019-09-08 00:39:59,062 - __main__ - INFO - MySQL connection was a success
2019-09-08 00:40:37,364 - __main__ - INFO - Facebook authentication was a success
2019-09-08 00:40:37,365 - __main__ - INFO - MySQL connection was a success
2019-09-08 00:41:27,770 - __main__ - INFO - Facebook authentication was a success
2019-09-08 00:41:27,771 - __main__ - INFO - MySQL connection was a success
2019-09-08 00:42:43,616 - __main__ - INFO - Facebook authentication was a success
2019-09-08 00:42:43,616 - __main__ - INFO - MySQL connection was a success
2019-09-08 00:44:28,235 - __main__ - INFO - Facebook authentication was a success
2019-09-08 00:44:28,240 - __main__ - INFO - MySQL connection was a success
2019-09-08 11:20:48,760 - __main__ - INFO - Facebook authentication was a success
2019-09-08 11:20:48,761 - __main__ - INFO - MySQL connection was a success
2019-09-08 11:21:28,838 - __main__ - INFO - Facebook authentication was a success
2019-09-08 11:21:28,840 - __main__ - INFO - MySQL connection was a success
2019-09-08 11:34:40,002 - __main__ - INFO - Facebook authentication was a success
2019-09-08 11:34:40,005 - __main__ - INFO - MySQL connection was a success
2019-09-08 11:35:52,099 - __main__ - INFO - Facebook authentication was a success
2019-09-08 11:35:52,101 - __main__ - INFO - MySQL connection was a success
2019-09-08 11:36:06,196 - __main__ - INFO - Facebook authentication was a success
2019-09-08 11:36:06,199 - __main__ - INFO - MySQL connection was a success
2019-09-08 11:37:43,957 - __main__ - INFO - Facebook authentication was a success
2019-09-08 11:37:43,960 - __main__ - INFO - MySQL connection was a success
2019-09-08 11:52:25,651 - __main__ - INFO - Facebook authentication was a success
2019-09-08 11:52:25,652 - __main__ - INFO - MySQL connection was a success
2019-09-08 12:48:04,776 - __main__ - INFO - Facebook authentication was a success
2019-09-08 12:48:04,780 - __main__ - INFO - MySQL connection was a success
2019-09-08 12:50:19,503 - __main__ - INFO - Facebook authentication was a success
2019-09-08 12:50:19,505 - __main__ - INFO - MySQL connection was a success
2019-09-08 12:52:28,854 - __main__ - INFO - Facebook authentication was a success
2019-09-08 12:52:28,855 - __main__ - INFO - MySQL connection was a success
2019-09-08 12:53:25,574 - __main__ - INFO - Facebook authentication was a success
2019-09-08 12:53:25,576 - __main__ - INFO - MySQL connection was a success
2019-09-08 13:11:14,914 - __main__ - INFO - Facebook authentication was a success
2019-09-08 13:11:14,915 - __main__ - INFO - MySQL connection was a success
2019-09-08 13:11:15,331 - __main__ - INFO - accounts dataframe created
2019-09-08 13:11:16,995 - __main__ - INFO - Accounts table have been synced to database
2019-09-08 13:11:22,831 - __main__ - INFO - campaigns dataframe created
2019-09-08 13:12:05,378 - __main__ - INFO - Campaigns table has been synced to database
2019-09-08 14:25:24,036 - __main__ - INFO - Facebook authentication was a success
2019-09-08 14:25:24,038 - __main__ - INFO - MySQL connection was a success
2019-09-08 14:25:24,463 - __main__ - INFO - accounts dataframe created
2019-09-08 14:25:25,576 - __main__ - INFO - Accounts table has been synced to database
2019-09-08 14:25:32,896 - __main__ - INFO - campaigns dataframe created
2019-09-08 14:26:11,127 - __main__ - INFO - Campaigns table has been synced to database
2019-09-08 14:30:02,389 - __main__ - INFO - Facebook authentication was a success
2019-09-08 14:30:02,393 - __main__ - INFO - MySQL connection was a success
2019-09-08 14:30:02,903 - __main__ - INFO - accounts dataframe created
2019-09-08 14:30:04,131 - __main__ - INFO - Accounts table has been synced to database
2019-09-08 14:30:10,095 - __main__ - INFO - campaigns dataframe created
2019-09-08 14:30:48,895 - __main__ - INFO - Campaigns table has been synced to database
2019-09-08 14:35:32,555 - __main__ - INFO - ads_insights dataframe created
2019-09-08 14:39:53,377 - __main__ - INFO - Facebook authentication was a success
2019-09-08 14:39:53,381 - __main__ - INFO - MySQL connection was a success
2019-09-08 14:39:53,771 - __main__ - INFO - accounts dataframe created
2019-09-08 14:39:55,242 - __main__ - INFO - Accounts table has been synced to database
2019-09-08 14:40:00,682 - __main__ - INFO - campaigns dataframe created
2019-09-08 14:40:47,141 - __main__ - INFO - Campaigns table has been synced to database
2019-09-08 14:41:26,408 - __main__ - INFO - ads_insights dataframe created
2019-09-10 15:08:00,750 - __main__ - INFO - Facebook authentication was a success
2019-09-10 15:08:00,752 - __main__ - INFO - MySQL connection was a success
2019-09-10 15:08:01,101 - __main__ - INFO - accounts dataframe created
2019-09-10 15:08:01,925 - __main__ - INFO - Accounts table has been synced to database
2019-09-10 15:08:07,042 - __main__ - INFO - campaigns dataframe created
2019-09-10 15:08:28,044 - __main__ - INFO - Campaigns table has been synced to database
2019-09-10 15:09:06,987 - __main__ - INFO - ads_insights dataframe created
2019-09-10 15:11:13,179 - __main__ - INFO - Ads Insights table has been synced to database
2019-09-10 15:16:31,982 - __main__ - INFO - Facebook authentication was a success
2019-09-10 15:16:31,984 - __main__ - INFO - MySQL connection was a success
2019-09-10 15:16:32,547 - __main__ - INFO - accounts dataframe created
2019-09-10 15:16:34,104 - __main__ - INFO - Accounts table has been synced to database
2019-09-10 15:16:41,926 - __main__ - INFO - campaigns dataframe created
2019-09-10 15:17:11,280 - __main__ - INFO - Campaigns table has been synced to database
2019-09-10 15:17:49,488 - __main__ - INFO - ads_insights dataframe created
2019-09-10 15:20:41,229 - __main__ - INFO - Ads Insights table has been synced to database
2019-09-10 15:31:13,580 - __main__ - INFO - Facebook authentication was a success
2019-09-10 15:31:13,583 - __main__ - INFO - MySQL connection was a success
2019-09-10 15:31:13,983 - __main__ - INFO - accounts dataframe created
2019-09-10 15:31:15,052 - __main__ - INFO - Accounts table has been synced to database
2019-09-10 15:31:19,615 - __main__ - INFO - campaigns dataframe created
2019-09-10 15:31:52,898 - __main__ - INFO - Campaigns table has been synced to database
2019-09-10 15:32:28,875 - __main__ - INFO - ads_insights dataframe created
2019-09-10 15:35:22,761 - __main__ - INFO - Ads Insights table has been synced to database
2019-09-10 16:08:47,437 - __main__ - INFO - Facebook authentication was a success
2019-09-10 16:08:47,440 - __main__ - INFO - MySQL connection was a success
2019-09-10 16:08:47,748 - __main__ - INFO - accounts dataframe created
2019-09-10 16:08:48,747 - __main__ - INFO - Accounts table has been synced to database
2019-09-10 16:09:04,785 - __main__ - INFO - Facebook authentication was a success
2019-09-10 16:09:04,787 - __main__ - INFO - MySQL connection was a success
2019-09-10 16:09:05,186 - __main__ - INFO - accounts dataframe created
2019-09-10 16:09:06,349 - __main__ - INFO - Accounts table has been synced to database
2019-09-10 16:09:11,036 - __main__ - INFO - campaigns dataframe created
2019-09-10 16:09:44,191 - __main__ - INFO - Campaigns table has been synced to database
2019-09-10 16:10:22,658 - __main__ - INFO - ads_insights dataframe created
2019-09-10 16:10:22,945 - __main__ - INFO - Ads Insights table has been synced to database
2019-09-10 16:12:27,576 - __main__ - INFO - ads_insights_age_and_gender dataframe created
2019-09-10 16:16:32,787 - __main__ - INFO - Facebook authentication was a success
2019-09-10 16:16:32,788 - __main__ - INFO - MySQL connection was a success
2019-09-10 16:16:33,095 - __main__ - INFO - accounts dataframe created
2019-09-10 16:16:33,919 - __main__ - INFO - Accounts table has been synced to database
2019-09-10 16:16:38,934 - __main__ - INFO - campaigns dataframe created
2019-09-10 16:36:18,127 - __main__ - INFO - Facebook authentication was a success
2019-09-10 16:36:22,169 - __main__ - INFO - MySQL connection was a success
2019-09-10 18:02:54,015 - __main__ - INFO - accounts dataframe created
2019-09-10 18:04:41,340 - __main__ - INFO - Facebook authentication was a success
2019-09-10 18:04:44,648 - __main__ - INFO - MySQL connection was a success
2019-09-10 18:05:00,167 - __main__ - INFO - accounts dataframe created
2019-09-10 18:05:41,564 - __main__ - INFO - accounts dataframe created
2019-09-10 18:06:51,446 - __main__ - INFO - accounts dataframe created
2019-09-10 18:07:18,994 - __main__ - INFO - Facebook authentication was a success
2019-09-10 18:07:22,163 - __main__ - INFO - MySQL connection was a success
2019-09-10 18:07:42,821 - __main__ - INFO - accounts dataframe created
2019-09-10 18:12:20,685 - __main__ - INFO - accounts dataframe created
2019-09-10 19:55:31,824 - __main__ - INFO - Facebook authentication was a success
2019-09-10 19:55:36,232 - __main__ - INFO - MySQL connection was a success
2019-09-10 19:57:15,022 - __main__ - INFO - accounts dataframe created
2019-09-10 19:59:01,623 - __main__ - INFO - accounts dataframe created
2019-09-10 20:01:46,128 - __main__ - INFO - Facebook authentication was a success
2019-09-10 20:01:48,674 - __main__ - INFO - MySQL connection was a success
2019-09-10 20:02:04,873 - __main__ - INFO - accounts dataframe created
2019-09-10 20:02:05,935 - root - INFO - 1 rows updated
2019-09-10 20:02:05,937 - __main__ - INFO - Accounts table has been synced to database
2019-09-10 20:02:32,986 - __main__ - INFO - campaigns dataframe created
2019-09-10 20:03:11,576 - root - INFO - 330 rows updated
2019-09-10 20:03:11,579 - __main__ - INFO - Campaigns table has been synced to database
2019-09-10 20:09:59,596 - __main__ - INFO - ads_insights dataframe created
2019-09-10 20:16:46,657 - __main__ - INFO - ads_insights dataframe created
2019-09-10 20:19:20,289 - __main__ - INFO - ads_insights dataframe created
2019-09-10 20:20:40,069 - __main__ - INFO - ads_insights dataframe created
2019-09-10 20:49:49,908 - sqlalchemy.pool.impl.QueuePool - ERROR - Exception during reset or similar
Traceback (most recent call last):
  File "/home/wayned/.virtualenvs/acquiredatabase/lib/python3.7/site-packages/pymysql/connections.py", line 691, in _read_bytes
    data = self._rfile.read(num_bytes)
  File "/home/wayned/anaconda3/lib/python3.7/socket.py", line 589, in readinto
    return self._sock.recv_into(b)
TimeoutError: [Errno 110] Connection timed out

During handling of the above exception, another exception occurred:

Traceback (most recent call last):
  File "/home/wayned/.virtualenvs/acquiredatabase/lib/python3.7/site-packages/sqlalchemy/pool/base.py", line 680, in _finalize_fairy
    fairy._reset(pool)
  File "/home/wayned/.virtualenvs/acquiredatabase/lib/python3.7/site-packages/sqlalchemy/pool/base.py", line 867, in _reset
    pool._dialect.do_rollback(self)
  File "/home/wayned/.virtualenvs/acquiredatabase/lib/python3.7/site-packages/sqlalchemy/dialects/mysql/base.py", line 2253, in do_rollback
    dbapi_connection.rollback()
  File "/home/wayned/.virtualenvs/acquiredatabase/lib/python3.7/site-packages/pymysql/connections.py", line 430, in rollback
    self._read_ok_packet()
  File "/home/wayned/.virtualenvs/acquiredatabase/lib/python3.7/site-packages/pymysql/connections.py", line 394, in _read_ok_packet
    pkt = self._read_packet()
  File "/home/wayned/.virtualenvs/acquiredatabase/lib/python3.7/site-packages/pymysql/connections.py", line 657, in _read_packet
    packet_header = self._read_bytes(4)
  File "/home/wayned/.virtualenvs/acquiredatabase/lib/python3.7/site-packages/pymysql/connections.py", line 699, in _read_bytes
    "Lost connection to MySQL server during query (%s)" % (e,))
pymysql.err.OperationalError: (2013, 'Lost connection to MySQL server during query ([Errno 110] Connection timed out)')
2019-09-10 20:49:55,429 - __main__ - INFO - ads_insights dataframe created
2019-09-10 20:58:19,270 - __main__ - INFO - Facebook authentication was a success
2019-09-10 20:58:19,271 - __main__ - INFO - MySQL connection was a success
2019-09-10 20:58:19,877 - __main__ - INFO - accounts dataframe created
2019-09-10 20:58:21,002 - root - INFO - 1 rows updated
2019-09-10 20:58:21,003 - __main__ - INFO - Accounts table has been synced to database
2019-09-10 20:58:27,554 - __main__ - INFO - campaigns dataframe created
2019-09-10 20:59:20,107 - root - INFO - 330 rows updated
2019-09-10 20:59:20,108 - __main__ - INFO - Campaigns table has been synced to database
2019-09-10 20:59:59,867 - __main__ - INFO - ads_insights dataframe created
2019-09-10 21:19:25,438 - __main__ - INFO - Facebook authentication was a success
2019-09-10 21:19:28,067 - __main__ - INFO - MySQL connection was a success
2019-09-10 21:20:31,535 - __main__ - INFO - ads_insights dataframe created
2019-09-10 21:27:57,812 - __main__ - INFO - Facebook authentication was a success
2019-09-10 21:28:00,300 - __main__ - INFO - MySQL connection was a success
2019-09-10 21:28:25,778 - __main__ - INFO - accounts dataframe created
2019-09-10 21:32:33,387 - __main__ - INFO - accounts dataframe created
2019-09-10 21:33:11,540 - __main__ - INFO - Facebook authentication was a success
2019-09-10 21:33:15,131 - __main__ - INFO - MySQL connection was a success
2019-09-10 21:33:30,732 - __main__ - INFO - accounts dataframe created
2019-09-10 21:33:32,352 - root - INFO - 1 rows updated
2019-09-10 21:33:32,355 - __main__ - INFO - Accounts table has been synced to database
2019-09-10 21:34:15,779 - __main__ - INFO - ads_insights dataframe created
2019-09-10 21:42:17,051 - __main__ - INFO - Facebook authentication was a success
2019-09-10 21:42:21,404 - __main__ - INFO - MySQL connection was a success
2019-09-10 21:43:17,379 - __main__ - INFO - ads_insights dataframe created
2019-09-10 21:50:12,110 - __main__ - INFO - Facebook authentication was a success
2019-09-10 21:50:12,111 - __main__ - INFO - MySQL connection was a success
2019-09-10 21:50:12,524 - __main__ - INFO - accounts dataframe created
2019-09-10 21:50:30,526 - __main__ - INFO - Facebook authentication was a success
2019-09-10 21:50:30,527 - __main__ - INFO - MySQL connection was a success
2019-09-10 21:50:30,855 - __main__ - INFO - accounts dataframe created
2019-09-10 21:50:50,316 - __main__ - INFO - Facebook authentication was a success
2019-09-10 21:50:53,390 - __main__ - INFO - MySQL connection was a success
2019-09-10 21:51:50,613 - __main__ - INFO - ads_insights dataframe created
2019-09-10 21:54:30,076 - __main__ - INFO - Facebook authentication was a success
2019-09-10 21:54:32,261 - __main__ - INFO - MySQL connection was a success
2019-09-10 21:55:27,419 - __main__ - INFO - ads_insights dataframe created
2019-09-10 21:59:25,566 - root - INFO - 3734 rows updated
2019-09-10 21:59:25,573 - __main__ - INFO - Ads Insights table has been synced to database
2019-09-11 10:15:36,376 - __main__ - INFO - Facebook authentication was a success
2019-09-11 10:15:39,876 - __main__ - INFO - MySQL connection was a success
2019-09-11 10:22:51,164 - __main__ - INFO - ads_insights_age_and_gender dataframe created
2019-09-11 10:35:01,384 - __main__ - INFO - ads_insights_age_and_gender dataframe created
2019-09-11 10:49:57,457 - __main__ - INFO - Facebook authentication was a success
2019-09-11 10:50:00,728 - __main__ - INFO - MySQL connection was a success
2019-09-11 10:52:58,230 - __main__ - INFO - ads_insights_age_and_gender dataframe created
2019-09-11 10:57:35,634 - __main__ - INFO - Facebook authentication was a success
2019-09-11 10:57:38,864 - __main__ - INFO - MySQL connection was a success
2019-09-11 11:00:13,762 - __main__ - INFO - ads_insights_age_and_gender dataframe created
2019-09-11 11:04:26,403 - __main__ - INFO - Facebook authentication was a success
2019-09-11 11:04:26,405 - __main__ - INFO - MySQL connection was a success
2019-09-11 11:05:14,281 - __main__ - INFO - Facebook authentication was a success
2019-09-11 11:05:14,285 - __main__ - INFO - MySQL connection was a success
2019-09-11 14:24:05,139 - __main__ - INFO - Facebook authentication was a success
2019-09-11 14:24:05,144 - __main__ - INFO - MySQL connection was a success
2019-09-11 14:24:19,829 - __main__ - INFO - accounts dataframe created
2019-09-11 14:24:20,563 - root - INFO - 1 rows updated
2019-09-11 14:24:20,564 - __main__ - INFO - Accounts table has been synced to database
2019-09-11 14:26:33,777 - __main__ - INFO - ads_insights_age_and_gender dataframe created
2019-09-11 14:48:40,321 - __main__ - INFO - Facebook authentication was a success
2019-09-11 14:48:40,324 - __main__ - INFO - MySQL connection was a success
2019-09-11 14:48:53,282 - __main__ - INFO - accounts dataframe created
2019-09-11 14:48:54,038 - root - INFO - 1 rows updated
2019-09-11 14:48:54,039 - __main__ - INFO - Accounts table has been synced to database
2019-09-11 14:52:25,022 - __main__ - INFO - ads_insights_age_and_gender dataframe created
2019-09-11 14:57:31,772 - __main__ - INFO - campaigns dataframe created
2019-09-11 14:57:57,417 - root - INFO - 330 rows updated
2019-09-11 14:57:57,420 - __main__ - INFO - Campaigns table has been synced to database
2019-09-11 15:02:16,667 - __main__ - INFO - Facebook authentication was a success
2019-09-11 15:02:16,672 - __main__ - INFO - MySQL connection was a success
2019-09-11 15:05:42,115 - __main__ - INFO - ads_insights_age_and_gender dataframe created
2019-09-11 15:12:52,210 - __main__ - INFO - Facebook authentication was a success
2019-09-11 15:12:52,214 - __main__ - INFO - MySQL connection was a success
2019-09-11 15:15:30,455 - __main__ - INFO - ads_insights_age_and_gender dataframe created
2019-09-11 18:21:18,424 - __main__ - INFO - Facebook authentication was a success
2019-09-11 18:21:18,429 - __main__ - INFO - MySQL connection was a success
2019-09-11 18:23:31,224 - __main__ - INFO - accounts dataframe created
2019-09-11 18:23:31,926 - root - INFO - 1 rows updated
2019-09-11 18:23:31,928 - __main__ - INFO - Accounts table has been synced to database
2019-09-11 18:27:06,275 - __main__ - INFO - ads_insights_age_and_gender dataframe created
2019-09-11 18:38:47,238 - __main__ - INFO - Facebook authentication was a success
2019-09-11 18:38:47,244 - __main__ - INFO - MySQL connection was a success
2019-09-11 18:41:05,393 - __main__ - INFO - ads_insights_age_and_gender dataframe created
2019-09-11 18:51:48,534 - __main__ - INFO - ads_insights dataframe created
2019-09-11 18:53:46,774 - root - INFO - 3584 rows updated
2019-09-11 18:53:46,890 - root - INFO - 150 rows inserted
2019-09-11 18:53:46,971 - __main__ - INFO - Ads Insights table has been synced to database
2019-09-11 18:57:42,643 - __main__ - INFO - ads_insights_age_and_gender dataframe created
2019-09-11 18:57:50,110 - root - INFO - 37279 rows inserted
2019-09-11 18:57:50,234 - __main__ - INFO - Ads Insights Age and Gender table has been synced to database
